<?xml version="1.0" encoding="UTF-8"?>
<testng-results total="1" passed="1" failed="0" skipped="0">
  <reporter-output>
  </reporter-output>
  <suite started-at="2019-03-08T17:35:29Z" name="Default suite" finished-at="2019-03-08T17:35:56Z" duration-ms="27132">
    <groups>
      <group name="cucumber">
        <method signature="AbstractTestNGCucumberTests.feature(cucumber.api.testng.CucumberFeatureWrapper)[pri:0, instance:cucumberOptions.TestRunner@32910148]" name="feature" class="cucumber.api.testng.AbstractTestNGCucumberTests"/>
      </group> <!-- cucumber -->
    </groups>
    <test started-at="2019-03-08T17:35:29Z" name="Default test" finished-at="2019-03-08T17:35:56Z" duration-ms="27132">
      <class name="cucumberOptions.TestRunner">
        <test-method is-config="true" signature="setUpClass()[pri:0, instance:cucumberOptions.TestRunner@32910148]" started-at="2019-03-08T17:35:29Z" name="setUpClass" finished-at="2019-03-08T17:35:30Z" duration-ms="465" status="PASS">
          <reporter-output>
          </reporter-output>
        </test-method> <!-- setUpClass -->
        <test-method signature="feature(cucumber.api.testng.CucumberFeatureWrapper)[pri:0, instance:cucumberOptions.TestRunner@32910148]" started-at="2019-03-08T17:35:30Z" name="feature" description="Runs Cucumber Feature" data-provider="features" finished-at="2019-03-08T17:35:56Z" duration-ms="26504" status="PASS">
          <params>
            <param index="0">
              <value>
                <![CDATA[Find a mortgage rate]]>
              </value>
            </param>
          </params>
          <reporter-output>
          </reporter-output>
        </test-method> <!-- feature -->
        <test-method is-config="true" signature="tearDownClass()[pri:0, instance:cucumberOptions.TestRunner@32910148]" started-at="2019-03-08T17:35:56Z" name="tearDownClass" finished-at="2019-03-08T17:35:56Z" duration-ms="4" status="PASS">
          <reporter-output>
          </reporter-output>
        </test-method> <!-- tearDownClass -->
      </class> <!-- cucumberOptions.TestRunner -->
    </test> <!-- Default test -->
  </suite> <!-- Default suite -->
</testng-results>
