<?xml version="1.0" encoding="UTF-8"?>
<testng-results total="1" passed="1" failed="0" skipped="0">
  <reporter-output>
  </reporter-output>
  <suite started-at="2019-03-08T09:39:57Z" name="Suite" finished-at="2019-03-08T09:40:31Z" duration-ms="33870">
    <groups>
      <group name="cucumber">
        <method signature="AbstractTestNGCucumberTests.feature(cucumber.api.testng.CucumberFeatureWrapper)[pri:0, instance:cucumberOptions.TestRunner@776aec5c]" name="feature" class="cucumber.api.testng.AbstractTestNGCucumberTests"/>
      </group> <!-- cucumber -->
    </groups>
    <test started-at="2019-03-08T09:39:57Z" name="Test" finished-at="2019-03-08T09:40:31Z" duration-ms="33870">
      <class name="cucumberOptions.TestRunner">
        <test-method is-config="true" signature="setUpClass()[pri:0, instance:cucumberOptions.TestRunner@776aec5c]" started-at="2019-03-08T09:39:57Z" name="setUpClass" finished-at="2019-03-08T09:39:58Z" duration-ms="436" status="PASS">
          <reporter-output>
          </reporter-output>
        </test-method> <!-- setUpClass -->
        <test-method signature="feature(cucumber.api.testng.CucumberFeatureWrapper)[pri:0, instance:cucumberOptions.TestRunner@776aec5c]" started-at="2019-03-08T09:39:58Z" name="feature" description="Runs Cucumber Feature" data-provider="features" finished-at="2019-03-08T09:40:31Z" duration-ms="33246" status="PASS">
          <params>
            <param index="0">
              <value>
                <![CDATA[Find a mortgage rate]]>
              </value>
            </param>
          </params>
          <reporter-output>
          </reporter-output>
        </test-method> <!-- feature -->
        <test-method is-config="true" signature="tearDownClass()[pri:0, instance:cucumberOptions.TestRunner@776aec5c]" started-at="2019-03-08T09:40:31Z" name="tearDownClass" finished-at="2019-03-08T09:40:31Z" duration-ms="3" status="PASS">
          <reporter-output>
          </reporter-output>
        </test-method> <!-- tearDownClass -->
      </class> <!-- cucumberOptions.TestRunner -->
    </test> <!-- Test -->
  </suite> <!-- Suite -->
</testng-results>
